[2023-11-23 02:43:33] local.INFO: User with Id '15' Created!  
[2023-11-23 02:43:33] local.INFO: QR code for User with Id '15' Generated!  
[2023-11-23 02:44:00] local.INFO: DetermineWinner started!  
[2023-11-23 02:45:00] local.INFO: DetermineWinner started!  
[2023-11-23 02:46:00] local.INFO: DetermineWinner started!  
[2023-11-23 02:47:00] local.INFO: DetermineWinner started!  
[2023-11-23 02:48:00] local.INFO: DetermineWinner started!  
[2023-11-23 02:48:11] local.INFO: User with Id '16' Created!  
[2023-11-23 02:48:11] local.INFO: QR code for User with Id '16' Generated!  
[2023-11-23 02:49:00] local.INFO: DetermineWinner started!  
[2023-11-23 02:50:00] local.INFO: DetermineWinner started!  
[2023-11-23 02:50:33] local.INFO: User with Id '17' Created!  
[2023-11-23 02:50:33] local.INFO: QR code for User with Id '17' Generated!  
[2023-11-23 02:51:00] local.INFO: DetermineWinner started!  
[2023-11-23 02:52:00] local.INFO: DetermineWinner started!  
[2023-11-23 02:53:00] local.INFO: DetermineWinner started!  
[2023-11-23 02:54:00] local.INFO: DetermineWinner started!  
[2023-11-23 02:55:00] local.INFO: DetermineWinner started!  
[2023-11-23 02:56:00] local.INFO: DetermineWinner started!  
[2023-11-23 02:57:00] local.INFO: DetermineWinner started!  
[2023-11-23 02:58:00] local.INFO: DetermineWinner started!  
[2023-11-23 02:59:00] local.INFO: DetermineWinner started!  
[2023-11-23 03:00:00] local.INFO: DetermineWinner started!  
[2023-11-23 03:02:00] local.INFO: DetermineWinner started!  
[2023-11-23 03:03:00] local.INFO: DetermineWinner started!  
[2023-11-23 03:04:00] local.INFO: DetermineWinner started!  
[2023-11-23 03:05:00] local.INFO: DetermineWinner started!  
[2023-11-23 03:06:00] local.INFO: DetermineWinner started!  
[2023-11-23 03:07:00] local.INFO: DetermineWinner started!  
[2023-11-23 03:10:00] local.INFO: DetermineWinner started!  
[2023-11-23 03:11:41] local.INFO: User with Id '18' Created!  
[2023-11-23 03:11:41] local.INFO: QR code for User with Id '18' Generated!  
[2023-11-23 03:20:00] local.INFO: DetermineWinner started!  
[2023-11-23 03:21:00] local.INFO: DetermineWinner started!  
[2023-11-23 03:25:00] local.INFO: DetermineWinner started!  
[2023-11-23 03:30:00] local.INFO: DetermineWinner started!  
[2023-11-23 03:35:00] local.INFO: DetermineWinner started!  
[2023-11-23 04:55:19] local.ERROR: Undefined variable $factory {"exception":"[object] (ErrorException(code: 0): Undefined variable $factory at /Applications/XAMPP/xamppfiles/htdocs/leaderboard-api/database/factories/UserFactory.php:8)
[stacktrace]
#0 /Applications/XAMPP/xamppfiles/htdocs/leaderboard-api/vendor/laravel/framework/src/Illuminate/Foundation/Bootstrap/HandleExceptions.php(254): Illuminate\\Foundation\\Bootstrap\\HandleExceptions->handleError(2, 'Undefined varia...', '/Applications/X...', 8)
#1 /Applications/XAMPP/xamppfiles/htdocs/leaderboard-api/database/factories/UserFactory.php(8): Illuminate\\Foundation\\Bootstrap\\HandleExceptions->Illuminate\\Foundation\\Bootstrap\\{closure}(2, 'Undefined varia...', '/Applications/X...', 8)
#2 /Applications/XAMPP/xamppfiles/htdocs/leaderboard-api/vendor/composer/ClassLoader.php(582): include('/Applications/X...')
#3 /Applications/XAMPP/xamppfiles/htdocs/leaderboard-api/vendor/composer/ClassLoader.php(433): Composer\\Autoload\\{closure}('/Applications/X...')
#4 /Applications/XAMPP/xamppfiles/htdocs/leaderboard-api/vendor/laravel/framework/src/Illuminate/Database/Eloquent/Factories/Factory.php(829): Composer\\Autoload\\ClassLoader->loadClass('Database\\\\Factor...')
#5 /Applications/XAMPP/xamppfiles/htdocs/leaderboard-api/vendor/laravel/framework/src/Illuminate/Database/Eloquent/Factories/HasFactory.php(16): Illuminate\\Database\\Eloquent\\Factories\\Factory::factoryForModel('App\\\\Models\\\\User')
#6 /Applications/XAMPP/xamppfiles/htdocs/leaderboard-api/database/seeders/DatabaseSeeder.php(14): App\\Models\\User::factory(10)
#7 /Applications/XAMPP/xamppfiles/htdocs/leaderboard-api/vendor/laravel/framework/src/Illuminate/Container/BoundMethod.php(36): Database\\Seeders\\DatabaseSeeder->run()
#8 /Applications/XAMPP/xamppfiles/htdocs/leaderboard-api/vendor/laravel/framework/src/Illuminate/Container/Util.php(41): Illuminate\\Container\\BoundMethod::Illuminate\\Container\\{closure}()
#9 /Applications/XAMPP/xamppfiles/htdocs/leaderboard-api/vendor/laravel/framework/src/Illuminate/Container/BoundMethod.php(93): Illuminate\\Container\\Util::unwrapIfClosure(Object(Closure))
#10 /Applications/XAMPP/xamppfiles/htdocs/leaderboard-api/vendor/laravel/framework/src/Illuminate/Container/BoundMethod.php(35): Illuminate\\Container\\BoundMethod::callBoundMethod(Object(Illuminate\\Foundation\\Application), Array, Object(Closure))
#11 /Applications/XAMPP/xamppfiles/htdocs/leaderboard-api/vendor/laravel/framework/src/Illuminate/Container/Container.php(662): Illuminate\\Container\\BoundMethod::call(Object(Illuminate\\Foundation\\Application), Array, Array, NULL)
#12 /Applications/XAMPP/xamppfiles/htdocs/leaderboard-api/vendor/laravel/framework/src/Illuminate/Database/Seeder.php(184): Illuminate\\Container\\Container->call(Array, Array)
#13 /Applications/XAMPP/xamppfiles/htdocs/leaderboard-api/vendor/laravel/framework/src/Illuminate/Database/Seeder.php(193): Illuminate\\Database\\Seeder->Illuminate\\Database\\{closure}()
#14 /Applications/XAMPP/xamppfiles/htdocs/leaderboard-api/vendor/laravel/framework/src/Illuminate/Database/Console/Seeds/SeedCommand.php(70): Illuminate\\Database\\Seeder->__invoke()
#15 /Applications/XAMPP/xamppfiles/htdocs/leaderboard-api/vendor/laravel/framework/src/Illuminate/Database/Eloquent/Concerns/GuardsAttributes.php(155): Illuminate\\Database\\Console\\Seeds\\SeedCommand->Illuminate\\Database\\Console\\Seeds\\{closure}()
#16 /Applications/XAMPP/xamppfiles/htdocs/leaderboard-api/vendor/laravel/framework/src/Illuminate/Database/Console/Seeds/SeedCommand.php(69): Illuminate\\Database\\Eloquent\\Model::unguarded(Object(Closure))
#17 /Applications/XAMPP/xamppfiles/htdocs/leaderboard-api/vendor/laravel/framework/src/Illuminate/Container/BoundMethod.php(36): Illuminate\\Database\\Console\\Seeds\\SeedCommand->handle()
#18 /Applications/XAMPP/xamppfiles/htdocs/leaderboard-api/vendor/laravel/framework/src/Illuminate/Container/Util.php(41): Illuminate\\Container\\BoundMethod::Illuminate\\Container\\{closure}()
#19 /Applications/XAMPP/xamppfiles/htdocs/leaderboard-api/vendor/laravel/framework/src/Illuminate/Container/BoundMethod.php(93): Illuminate\\Container\\Util::unwrapIfClosure(Object(Closure))
#20 /Applications/XAMPP/xamppfiles/htdocs/leaderboard-api/vendor/laravel/framework/src/Illuminate/Container/BoundMethod.php(35): Illuminate\\Container\\BoundMethod::callBoundMethod(Object(Illuminate\\Foundation\\Application), Array, Object(Closure))
#21 /Applications/XAMPP/xamppfiles/htdocs/leaderboard-api/vendor/laravel/framework/src/Illuminate/Container/Container.php(662): Illuminate\\Container\\BoundMethod::call(Object(Illuminate\\Foundation\\Application), Array, Array, NULL)
#22 /Applications/XAMPP/xamppfiles/htdocs/leaderboard-api/vendor/laravel/framework/src/Illuminate/Console/Command.php(211): Illuminate\\Container\\Container->call(Array)
#23 /Applications/XAMPP/xamppfiles/htdocs/leaderboard-api/vendor/symfony/console/Command/Command.php(326): Illuminate\\Console\\Command->execute(Object(Symfony\\Component\\Console\\Input\\ArgvInput), Object(Illuminate\\Console\\OutputStyle))
#24 /Applications/XAMPP/xamppfiles/htdocs/leaderboard-api/vendor/laravel/framework/src/Illuminate/Console/Command.php(180): Symfony\\Component\\Console\\Command\\Command->run(Object(Symfony\\Component\\Console\\Input\\ArgvInput), Object(Illuminate\\Console\\OutputStyle))
#25 /Applications/XAMPP/xamppfiles/htdocs/leaderboard-api/vendor/symfony/console/Application.php(1081): Illuminate\\Console\\Command->run(Object(Symfony\\Component\\Console\\Input\\ArgvInput), Object(Symfony\\Component\\Console\\Output\\ConsoleOutput))
#26 /Applications/XAMPP/xamppfiles/htdocs/leaderboard-api/vendor/symfony/console/Application.php(320): Symfony\\Component\\Console\\Application->doRunCommand(Object(Illuminate\\Database\\Console\\Seeds\\SeedCommand), Object(Symfony\\Component\\Console\\Input\\ArgvInput), Object(Symfony\\Component\\Console\\Output\\ConsoleOutput))
#27 /Applications/XAMPP/xamppfiles/htdocs/leaderboard-api/vendor/symfony/console/Application.php(174): Symfony\\Component\\Console\\Application->doRun(Object(Symfony\\Component\\Console\\Input\\ArgvInput), Object(Symfony\\Component\\Console\\Output\\ConsoleOutput))
#28 /Applications/XAMPP/xamppfiles/htdocs/leaderboard-api/vendor/laravel/framework/src/Illuminate/Foundation/Console/Kernel.php(201): Symfony\\Component\\Console\\Application->run(Object(Symfony\\Component\\Console\\Input\\ArgvInput), Object(Symfony\\Component\\Console\\Output\\ConsoleOutput))
#29 /Applications/XAMPP/xamppfiles/htdocs/leaderboard-api/artisan(35): Illuminate\\Foundation\\Console\\Kernel->handle(Object(Symfony\\Component\\Console\\Input\\ArgvInput), Object(Symfony\\Component\\Console\\Output\\ConsoleOutput))
#30 {main}
"} 
[2023-11-23 04:56:44] local.ERROR: Undefined variable $factory {"exception":"[object] (ErrorException(code: 0): Undefined variable $factory at /Applications/XAMPP/xamppfiles/htdocs/leaderboard-api/database/factories/UserFactory.php:9)
[stacktrace]
#0 /Applications/XAMPP/xamppfiles/htdocs/leaderboard-api/vendor/laravel/framework/src/Illuminate/Foundation/Bootstrap/HandleExceptions.php(254): Illuminate\\Foundation\\Bootstrap\\HandleExceptions->handleError(2, 'Undefined varia...', '/Applications/X...', 9)
#1 /Applications/XAMPP/xamppfiles/htdocs/leaderboard-api/database/factories/UserFactory.php(9): Illuminate\\Foundation\\Bootstrap\\HandleExceptions->Illuminate\\Foundation\\Bootstrap\\{closure}(2, 'Undefined varia...', '/Applications/X...', 9)
#2 /Applications/XAMPP/xamppfiles/htdocs/leaderboard-api/vendor/composer/ClassLoader.php(582): include('/Applications/X...')
#3 /Applications/XAMPP/xamppfiles/htdocs/leaderboard-api/vendor/composer/ClassLoader.php(433): Composer\\Autoload\\{closure}('/Applications/X...')
#4 /Applications/XAMPP/xamppfiles/htdocs/leaderboard-api/vendor/laravel/framework/src/Illuminate/Database/Eloquent/Factories/Factory.php(829): Composer\\Autoload\\ClassLoader->loadClass('Database\\\\Factor...')
#5 /Applications/XAMPP/xamppfiles/htdocs/leaderboard-api/vendor/laravel/framework/src/Illuminate/Database/Eloquent/Factories/HasFactory.php(16): Illuminate\\Database\\Eloquent\\Factories\\Factory::factoryForModel('App\\\\Models\\\\User')
#6 /Applications/XAMPP/xamppfiles/htdocs/leaderboard-api/database/seeders/DatabaseSeeder.php(14): App\\Models\\User::factory(10)
#7 /Applications/XAMPP/xamppfiles/htdocs/leaderboard-api/vendor/laravel/framework/src/Illuminate/Container/BoundMethod.php(36): Database\\Seeders\\DatabaseSeeder->run()
#8 /Applications/XAMPP/xamppfiles/htdocs/leaderboard-api/vendor/laravel/framework/src/Illuminate/Container/Util.php(41): Illuminate\\Container\\BoundMethod::Illuminate\\Container\\{closure}()
#9 /Applications/XAMPP/xamppfiles/htdocs/leaderboard-api/vendor/laravel/framework/src/Illuminate/Container/BoundMethod.php(93): Illuminate\\Container\\Util::unwrapIfClosure(Object(Closure))
#10 /Applications/XAMPP/xamppfiles/htdocs/leaderboard-api/vendor/laravel/framework/src/Illuminate/Container/BoundMethod.php(35): Illuminate\\Container\\BoundMethod::callBoundMethod(Object(Illuminate\\Foundation\\Application), Array, Object(Closure))
#11 /Applications/XAMPP/xamppfiles/htdocs/leaderboard-api/vendor/laravel/framework/src/Illuminate/Container/Container.php(662): Illuminate\\Container\\BoundMethod::call(Object(Illuminate\\Foundation\\Application), Array, Array, NULL)
#12 /Applications/XAMPP/xamppfiles/htdocs/leaderboard-api/vendor/laravel/framework/src/Illuminate/Database/Seeder.php(184): Illuminate\\Container\\Container->call(Array, Array)
#13 /Applications/XAMPP/xamppfiles/htdocs/leaderboard-api/vendor/laravel/framework/src/Illuminate/Database/Seeder.php(193): Illuminate\\Database\\Seeder->Illuminate\\Database\\{closure}()
#14 /Applications/XAMPP/xamppfiles/htdocs/leaderboard-api/vendor/laravel/framework/src/Illuminate/Database/Console/Seeds/SeedCommand.php(70): Illuminate\\Database\\Seeder->__invoke()
#15 /Applications/XAMPP/xamppfiles/htdocs/leaderboard-api/vendor/laravel/framework/src/Illuminate/Database/Eloquent/Concerns/GuardsAttributes.php(155): Illuminate\\Database\\Console\\Seeds\\SeedCommand->Illuminate\\Database\\Console\\Seeds\\{closure}()
#16 /Applications/XAMPP/xamppfiles/htdocs/leaderboard-api/vendor/laravel/framework/src/Illuminate/Database/Console/Seeds/SeedCommand.php(69): Illuminate\\Database\\Eloquent\\Model::unguarded(Object(Closure))
#17 /Applications/XAMPP/xamppfiles/htdocs/leaderboard-api/vendor/laravel/framework/src/Illuminate/Container/BoundMethod.php(36): Illuminate\\Database\\Console\\Seeds\\SeedCommand->handle()
#18 /Applications/XAMPP/xamppfiles/htdocs/leaderboard-api/vendor/laravel/framework/src/Illuminate/Container/Util.php(41): Illuminate\\Container\\BoundMethod::Illuminate\\Container\\{closure}()
#19 /Applications/XAMPP/xamppfiles/htdocs/leaderboard-api/vendor/laravel/framework/src/Illuminate/Container/BoundMethod.php(93): Illuminate\\Container\\Util::unwrapIfClosure(Object(Closure))
#20 /Applications/XAMPP/xamppfiles/htdocs/leaderboard-api/vendor/laravel/framework/src/Illuminate/Container/BoundMethod.php(35): Illuminate\\Container\\BoundMethod::callBoundMethod(Object(Illuminate\\Foundation\\Application), Array, Object(Closure))
#21 /Applications/XAMPP/xamppfiles/htdocs/leaderboard-api/vendor/laravel/framework/src/Illuminate/Container/Container.php(662): Illuminate\\Container\\BoundMethod::call(Object(Illuminate\\Foundation\\Application), Array, Array, NULL)
#22 /Applications/XAMPP/xamppfiles/htdocs/leaderboard-api/vendor/laravel/framework/src/Illuminate/Console/Command.php(211): Illuminate\\Container\\Container->call(Array)
#23 /Applications/XAMPP/xamppfiles/htdocs/leaderboard-api/vendor/symfony/console/Command/Command.php(326): Illuminate\\Console\\Command->execute(Object(Symfony\\Component\\Console\\Input\\ArgvInput), Object(Illuminate\\Console\\OutputStyle))
#24 /Applications/XAMPP/xamppfiles/htdocs/leaderboard-api/vendor/laravel/framework/src/Illuminate/Console/Command.php(180): Symfony\\Component\\Console\\Command\\Command->run(Object(Symfony\\Component\\Console\\Input\\ArgvInput), Object(Illuminate\\Console\\OutputStyle))
#25 /Applications/XAMPP/xamppfiles/htdocs/leaderboard-api/vendor/symfony/console/Application.php(1081): Illuminate\\Console\\Command->run(Object(Symfony\\Component\\Console\\Input\\ArgvInput), Object(Symfony\\Component\\Console\\Output\\ConsoleOutput))
#26 /Applications/XAMPP/xamppfiles/htdocs/leaderboard-api/vendor/symfony/console/Application.php(320): Symfony\\Component\\Console\\Application->doRunCommand(Object(Illuminate\\Database\\Console\\Seeds\\SeedCommand), Object(Symfony\\Component\\Console\\Input\\ArgvInput), Object(Symfony\\Component\\Console\\Output\\ConsoleOutput))
#27 /Applications/XAMPP/xamppfiles/htdocs/leaderboard-api/vendor/symfony/console/Application.php(174): Symfony\\Component\\Console\\Application->doRun(Object(Symfony\\Component\\Console\\Input\\ArgvInput), Object(Symfony\\Component\\Console\\Output\\ConsoleOutput))
#28 /Applications/XAMPP/xamppfiles/htdocs/leaderboard-api/vendor/laravel/framework/src/Illuminate/Foundation/Console/Kernel.php(201): Symfony\\Component\\Console\\Application->run(Object(Symfony\\Component\\Console\\Input\\ArgvInput), Object(Symfony\\Component\\Console\\Output\\ConsoleOutput))
#29 /Applications/XAMPP/xamppfiles/htdocs/leaderboard-api/artisan(35): Illuminate\\Foundation\\Console\\Kernel->handle(Object(Symfony\\Component\\Console\\Input\\ArgvInput), Object(Symfony\\Component\\Console\\Output\\ConsoleOutput))
#30 {main}
"} 
[2023-11-23 04:57:43] local.ERROR: Undefined variable $factory {"exception":"[object] (ErrorException(code: 0): Undefined variable $factory at /Applications/XAMPP/xamppfiles/htdocs/leaderboard-api/database/factories/UserFactory.php:10)
[stacktrace]
#0 /Applications/XAMPP/xamppfiles/htdocs/leaderboard-api/vendor/laravel/framework/src/Illuminate/Foundation/Bootstrap/HandleExceptions.php(254): Illuminate\\Foundation\\Bootstrap\\HandleExceptions->handleError(2, 'Undefined varia...', '/Applications/X...', 10)
#1 /Applications/XAMPP/xamppfiles/htdocs/leaderboard-api/database/factories/UserFactory.php(10): Illuminate\\Foundation\\Bootstrap\\HandleExceptions->Illuminate\\Foundation\\Bootstrap\\{closure}(2, 'Undefined varia...', '/Applications/X...', 10)
#2 /Applications/XAMPP/xamppfiles/htdocs/leaderboard-api/vendor/composer/ClassLoader.php(582): include('/Applications/X...')
#3 /Applications/XAMPP/xamppfiles/htdocs/leaderboard-api/vendor/composer/ClassLoader.php(433): Composer\\Autoload\\{closure}('/Applications/X...')
#4 /Applications/XAMPP/xamppfiles/htdocs/leaderboard-api/vendor/laravel/framework/src/Illuminate/Database/Eloquent/Factories/Factory.php(829): Composer\\Autoload\\ClassLoader->loadClass('Database\\\\Factor...')
#5 /Applications/XAMPP/xamppfiles/htdocs/leaderboard-api/vendor/laravel/framework/src/Illuminate/Database/Eloquent/Factories/HasFactory.php(16): Illuminate\\Database\\Eloquent\\Factories\\Factory::factoryForModel('App\\\\Models\\\\User')
#6 /Applications/XAMPP/xamppfiles/htdocs/leaderboard-api/database/seeders/DatabaseSeeder.php(14): App\\Models\\User::factory(10)
#7 /Applications/XAMPP/xamppfiles/htdocs/leaderboard-api/vendor/laravel/framework/src/Illuminate/Container/BoundMethod.php(36): Database\\Seeders\\DatabaseSeeder->run()
#8 /Applications/XAMPP/xamppfiles/htdocs/leaderboard-api/vendor/laravel/framework/src/Illuminate/Container/Util.php(41): Illuminate\\Container\\BoundMethod::Illuminate\\Container\\{closure}()
#9 /Applications/XAMPP/xamppfiles/htdocs/leaderboard-api/vendor/laravel/framework/src/Illuminate/Container/BoundMethod.php(93): Illuminate\\Container\\Util::unwrapIfClosure(Object(Closure))
#10 /Applications/XAMPP/xamppfiles/htdocs/leaderboard-api/vendor/laravel/framework/src/Illuminate/Container/BoundMethod.php(35): Illuminate\\Container\\BoundMethod::callBoundMethod(Object(Illuminate\\Foundation\\Application), Array, Object(Closure))
#11 /Applications/XAMPP/xamppfiles/htdocs/leaderboard-api/vendor/laravel/framework/src/Illuminate/Container/Container.php(662): Illuminate\\Container\\BoundMethod::call(Object(Illuminate\\Foundation\\Application), Array, Array, NULL)
#12 /Applications/XAMPP/xamppfiles/htdocs/leaderboard-api/vendor/laravel/framework/src/Illuminate/Database/Seeder.php(184): Illuminate\\Container\\Container->call(Array, Array)
#13 /Applications/XAMPP/xamppfiles/htdocs/leaderboard-api/vendor/laravel/framework/src/Illuminate/Database/Seeder.php(193): Illuminate\\Database\\Seeder->Illuminate\\Database\\{closure}()
#14 /Applications/XAMPP/xamppfiles/htdocs/leaderboard-api/vendor/laravel/framework/src/Illuminate/Database/Console/Seeds/SeedCommand.php(70): Illuminate\\Database\\Seeder->__invoke()
#15 /Applications/XAMPP/xamppfiles/htdocs/leaderboard-api/vendor/laravel/framework/src/Illuminate/Database/Eloquent/Concerns/GuardsAttributes.php(155): Illuminate\\Database\\Console\\Seeds\\SeedCommand->Illuminate\\Database\\Console\\Seeds\\{closure}()
#16 /Applications/XAMPP/xamppfiles/htdocs/leaderboard-api/vendor/laravel/framework/src/Illuminate/Database/Console/Seeds/SeedCommand.php(69): Illuminate\\Database\\Eloquent\\Model::unguarded(Object(Closure))
#17 /Applications/XAMPP/xamppfiles/htdocs/leaderboard-api/vendor/laravel/framework/src/Illuminate/Container/BoundMethod.php(36): Illuminate\\Database\\Console\\Seeds\\SeedCommand->handle()
#18 /Applications/XAMPP/xamppfiles/htdocs/leaderboard-api/vendor/laravel/framework/src/Illuminate/Container/Util.php(41): Illuminate\\Container\\BoundMethod::Illuminate\\Container\\{closure}()
#19 /Applications/XAMPP/xamppfiles/htdocs/leaderboard-api/vendor/laravel/framework/src/Illuminate/Container/BoundMethod.php(93): Illuminate\\Container\\Util::unwrapIfClosure(Object(Closure))
#20 /Applications/XAMPP/xamppfiles/htdocs/leaderboard-api/vendor/laravel/framework/src/Illuminate/Container/BoundMethod.php(35): Illuminate\\Container\\BoundMethod::callBoundMethod(Object(Illuminate\\Foundation\\Application), Array, Object(Closure))
#21 /Applications/XAMPP/xamppfiles/htdocs/leaderboard-api/vendor/laravel/framework/src/Illuminate/Container/Container.php(662): Illuminate\\Container\\BoundMethod::call(Object(Illuminate\\Foundation\\Application), Array, Array, NULL)
#22 /Applications/XAMPP/xamppfiles/htdocs/leaderboard-api/vendor/laravel/framework/src/Illuminate/Console/Command.php(211): Illuminate\\Container\\Container->call(Array)
#23 /Applications/XAMPP/xamppfiles/htdocs/leaderboard-api/vendor/symfony/console/Command/Command.php(326): Illuminate\\Console\\Command->execute(Object(Symfony\\Component\\Console\\Input\\ArgvInput), Object(Illuminate\\Console\\OutputStyle))
#24 /Applications/XAMPP/xamppfiles/htdocs/leaderboard-api/vendor/laravel/framework/src/Illuminate/Console/Command.php(180): Symfony\\Component\\Console\\Command\\Command->run(Object(Symfony\\Component\\Console\\Input\\ArgvInput), Object(Illuminate\\Console\\OutputStyle))
#25 /Applications/XAMPP/xamppfiles/htdocs/leaderboard-api/vendor/symfony/console/Application.php(1081): Illuminate\\Console\\Command->run(Object(Symfony\\Component\\Console\\Input\\ArgvInput), Object(Symfony\\Component\\Console\\Output\\ConsoleOutput))
#26 /Applications/XAMPP/xamppfiles/htdocs/leaderboard-api/vendor/symfony/console/Application.php(320): Symfony\\Component\\Console\\Application->doRunCommand(Object(Illuminate\\Database\\Console\\Seeds\\SeedCommand), Object(Symfony\\Component\\Console\\Input\\ArgvInput), Object(Symfony\\Component\\Console\\Output\\ConsoleOutput))
#27 /Applications/XAMPP/xamppfiles/htdocs/leaderboard-api/vendor/symfony/console/Application.php(174): Symfony\\Component\\Console\\Application->doRun(Object(Symfony\\Component\\Console\\Input\\ArgvInput), Object(Symfony\\Component\\Console\\Output\\ConsoleOutput))
#28 /Applications/XAMPP/xamppfiles/htdocs/leaderboard-api/vendor/laravel/framework/src/Illuminate/Foundation/Console/Kernel.php(201): Symfony\\Component\\Console\\Application->run(Object(Symfony\\Component\\Console\\Input\\ArgvInput), Object(Symfony\\Component\\Console\\Output\\ConsoleOutput))
#29 /Applications/XAMPP/xamppfiles/htdocs/leaderboard-api/artisan(35): Illuminate\\Foundation\\Console\\Kernel->handle(Object(Symfony\\Component\\Console\\Input\\ArgvInput), Object(Symfony\\Component\\Console\\Output\\ConsoleOutput))
#30 {main}
"} 
[2023-11-23 05:00:04] local.ERROR: Undefined variable $faker {"exception":"[object] (ErrorException(code: 0): Undefined variable $faker at /Applications/XAMPP/xamppfiles/htdocs/leaderboard-api/database/factories/UserFactory.php:28)
[stacktrace]
#0 /Applications/XAMPP/xamppfiles/htdocs/leaderboard-api/vendor/laravel/framework/src/Illuminate/Foundation/Bootstrap/HandleExceptions.php(254): Illuminate\\Foundation\\Bootstrap\\HandleExceptions->handleError(2, 'Undefined varia...', '/Applications/X...', 28)
#1 /Applications/XAMPP/xamppfiles/htdocs/leaderboard-api/database/factories/UserFactory.php(28): Illuminate\\Foundation\\Bootstrap\\HandleExceptions->Illuminate\\Foundation\\Bootstrap\\{closure}(2, 'Undefined varia...', '/Applications/X...', 28)
#2 /Applications/XAMPP/xamppfiles/htdocs/leaderboard-api/vendor/laravel/framework/src/Illuminate/Database/Eloquent/Factories/Factory.php(454): Database\\Factories\\UserFactory->definition()
#3 /Applications/XAMPP/xamppfiles/htdocs/leaderboard-api/vendor/laravel/framework/src/Illuminate/Database/Eloquent/Factories/Factory.php(433): Illuminate\\Database\\Eloquent\\Factories\\Factory->getRawAttributes(NULL)
#4 /Applications/XAMPP/xamppfiles/htdocs/leaderboard-api/vendor/laravel/framework/src/Illuminate/Database/Eloquent/Factories/Factory.php(417): Illuminate\\Database\\Eloquent\\Factories\\Factory->getExpandedAttributes(NULL)
#5 /Applications/XAMPP/xamppfiles/htdocs/leaderboard-api/vendor/laravel/framework/src/Illuminate/Database/Eloquent/Concerns/GuardsAttributes.php(149): Illuminate\\Database\\Eloquent\\Factories\\Factory->Illuminate\\Database\\Eloquent\\Factories\\{closure}()
#6 /Applications/XAMPP/xamppfiles/htdocs/leaderboard-api/vendor/laravel/framework/src/Illuminate/Database/Eloquent/Factories/Factory.php(416): Illuminate\\Database\\Eloquent\\Model::unguarded(Object(Closure))
#7 /Applications/XAMPP/xamppfiles/htdocs/leaderboard-api/vendor/laravel/framework/src/Illuminate/Database/Eloquent/Factories/Factory.php(400): Illuminate\\Database\\Eloquent\\Factories\\Factory->makeInstance(NULL)
#8 [internal function]: Illuminate\\Database\\Eloquent\\Factories\\Factory->Illuminate\\Database\\Eloquent\\Factories\\{closure}(1)
#9 /Applications/XAMPP/xamppfiles/htdocs/leaderboard-api/vendor/laravel/framework/src/Illuminate/Database/Eloquent/Factories/Factory.php(399): array_map(Object(Closure), Array)
#10 /Applications/XAMPP/xamppfiles/htdocs/leaderboard-api/vendor/laravel/framework/src/Illuminate/Database/Eloquent/Factories/Factory.php(284): Illuminate\\Database\\Eloquent\\Factories\\Factory->make(Array, NULL)
#11 /Applications/XAMPP/xamppfiles/htdocs/leaderboard-api/database/seeders/DatabaseSeeder.php(14): Illuminate\\Database\\Eloquent\\Factories\\Factory->create()
#12 /Applications/XAMPP/xamppfiles/htdocs/leaderboard-api/vendor/laravel/framework/src/Illuminate/Container/BoundMethod.php(36): Database\\Seeders\\DatabaseSeeder->run()
#13 /Applications/XAMPP/xamppfiles/htdocs/leaderboard-api/vendor/laravel/framework/src/Illuminate/Container/Util.php(41): Illuminate\\Container\\BoundMethod::Illuminate\\Container\\{closure}()
#14 /Applications/XAMPP/xamppfiles/htdocs/leaderboard-api/vendor/laravel/framework/src/Illuminate/Container/BoundMethod.php(93): Illuminate\\Container\\Util::unwrapIfClosure(Object(Closure))
#15 /Applications/XAMPP/xamppfiles/htdocs/leaderboard-api/vendor/laravel/framework/src/Illuminate/Container/BoundMethod.php(35): Illuminate\\Container\\BoundMethod::callBoundMethod(Object(Illuminate\\Foundation\\Application), Array, Object(Closure))
#16 /Applications/XAMPP/xamppfiles/htdocs/leaderboard-api/vendor/laravel/framework/src/Illuminate/Container/Container.php(662): Illuminate\\Container\\BoundMethod::call(Object(Illuminate\\Foundation\\Application), Array, Array, NULL)
#17 /Applications/XAMPP/xamppfiles/htdocs/leaderboard-api/vendor/laravel/framework/src/Illuminate/Database/Seeder.php(184): Illuminate\\Container\\Container->call(Array, Array)
#18 /Applications/XAMPP/xamppfiles/htdocs/leaderboard-api/vendor/laravel/framework/src/Illuminate/Database/Seeder.php(193): Illuminate\\Database\\Seeder->Illuminate\\Database\\{closure}()
#19 /Applications/XAMPP/xamppfiles/htdocs/leaderboard-api/vendor/laravel/framework/src/Illuminate/Database/Console/Seeds/SeedCommand.php(70): Illuminate\\Database\\Seeder->__invoke()
#20 /Applications/XAMPP/xamppfiles/htdocs/leaderboard-api/vendor/laravel/framework/src/Illuminate/Database/Eloquent/Concerns/GuardsAttributes.php(155): Illuminate\\Database\\Console\\Seeds\\SeedCommand->Illuminate\\Database\\Console\\Seeds\\{closure}()
#21 /Applications/XAMPP/xamppfiles/htdocs/leaderboard-api/vendor/laravel/framework/src/Illuminate/Database/Console/Seeds/SeedCommand.php(69): Illuminate\\Database\\Eloquent\\Model::unguarded(Object(Closure))
#22 /Applications/XAMPP/xamppfiles/htdocs/leaderboard-api/vendor/laravel/framework/src/Illuminate/Container/BoundMethod.php(36): Illuminate\\Database\\Console\\Seeds\\SeedCommand->handle()
#23 /Applications/XAMPP/xamppfiles/htdocs/leaderboard-api/vendor/laravel/framework/src/Illuminate/Container/Util.php(41): Illuminate\\Container\\BoundMethod::Illuminate\\Container\\{closure}()
#24 /Applications/XAMPP/xamppfiles/htdocs/leaderboard-api/vendor/laravel/framework/src/Illuminate/Container/BoundMethod.php(93): Illuminate\\Container\\Util::unwrapIfClosure(Object(Closure))
#25 /Applications/XAMPP/xamppfiles/htdocs/leaderboard-api/vendor/laravel/framework/src/Illuminate/Container/BoundMethod.php(35): Illuminate\\Container\\BoundMethod::callBoundMethod(Object(Illuminate\\Foundation\\Application), Array, Object(Closure))
#26 /Applications/XAMPP/xamppfiles/htdocs/leaderboard-api/vendor/laravel/framework/src/Illuminate/Container/Container.php(662): Illuminate\\Container\\BoundMethod::call(Object(Illuminate\\Foundation\\Application), Array, Array, NULL)
#27 /Applications/XAMPP/xamppfiles/htdocs/leaderboard-api/vendor/laravel/framework/src/Illuminate/Console/Command.php(211): Illuminate\\Container\\Container->call(Array)
#28 /Applications/XAMPP/xamppfiles/htdocs/leaderboard-api/vendor/symfony/console/Command/Command.php(326): Illuminate\\Console\\Command->execute(Object(Symfony\\Component\\Console\\Input\\ArgvInput), Object(Illuminate\\Console\\OutputStyle))
#29 /Applications/XAMPP/xamppfiles/htdocs/leaderboard-api/vendor/laravel/framework/src/Illuminate/Console/Command.php(180): Symfony\\Component\\Console\\Command\\Command->run(Object(Symfony\\Component\\Console\\Input\\ArgvInput), Object(Illuminate\\Console\\OutputStyle))
#30 /Applications/XAMPP/xamppfiles/htdocs/leaderboard-api/vendor/symfony/console/Application.php(1081): Illuminate\\Console\\Command->run(Object(Symfony\\Component\\Console\\Input\\ArgvInput), Object(Symfony\\Component\\Console\\Output\\ConsoleOutput))
#31 /Applications/XAMPP/xamppfiles/htdocs/leaderboard-api/vendor/symfony/console/Application.php(320): Symfony\\Component\\Console\\Application->doRunCommand(Object(Illuminate\\Database\\Console\\Seeds\\SeedCommand), Object(Symfony\\Component\\Console\\Input\\ArgvInput), Object(Symfony\\Component\\Console\\Output\\ConsoleOutput))
#32 /Applications/XAMPP/xamppfiles/htdocs/leaderboard-api/vendor/symfony/console/Application.php(174): Symfony\\Component\\Console\\Application->doRun(Object(Symfony\\Component\\Console\\Input\\ArgvInput), Object(Symfony\\Component\\Console\\Output\\ConsoleOutput))
#33 /Applications/XAMPP/xamppfiles/htdocs/leaderboard-api/vendor/laravel/framework/src/Illuminate/Foundation/Console/Kernel.php(201): Symfony\\Component\\Console\\Application->run(Object(Symfony\\Component\\Console\\Input\\ArgvInput), Object(Symfony\\Component\\Console\\Output\\ConsoleOutput))
#34 /Applications/XAMPP/xamppfiles/htdocs/leaderboard-api/artisan(35): Illuminate\\Foundation\\Console\\Kernel->handle(Object(Symfony\\Component\\Console\\Input\\ArgvInput), Object(Symfony\\Component\\Console\\Output\\ConsoleOutput))
#35 {main}
"} 
[2023-11-23 05:01:22] local.ERROR: Undefined variable $faker {"exception":"[object] (ErrorException(code: 0): Undefined variable $faker at /Applications/XAMPP/xamppfiles/htdocs/leaderboard-api/database/factories/UserFactory.php:28)
[stacktrace]
#0 /Applications/XAMPP/xamppfiles/htdocs/leaderboard-api/vendor/laravel/framework/src/Illuminate/Foundation/Bootstrap/HandleExceptions.php(254): Illuminate\\Foundation\\Bootstrap\\HandleExceptions->handleError(2, 'Undefined varia...', '/Applications/X...', 28)
#1 /Applications/XAMPP/xamppfiles/htdocs/leaderboard-api/database/factories/UserFactory.php(28): Illuminate\\Foundation\\Bootstrap\\HandleExceptions->Illuminate\\Foundation\\Bootstrap\\{closure}(2, 'Undefined varia...', '/Applications/X...', 28)
#2 /Applications/XAMPP/xamppfiles/htdocs/leaderboard-api/vendor/laravel/framework/src/Illuminate/Database/Eloquent/Factories/Factory.php(454): Database\\Factories\\UserFactory->definition()
#3 /Applications/XAMPP/xamppfiles/htdocs/leaderboard-api/vendor/laravel/framework/src/Illuminate/Database/Eloquent/Factories/Factory.php(433): Illuminate\\Database\\Eloquent\\Factories\\Factory->getRawAttributes(NULL)
#4 /Applications/XAMPP/xamppfiles/htdocs/leaderboard-api/vendor/laravel/framework/src/Illuminate/Database/Eloquent/Factories/Factory.php(417): Illuminate\\Database\\Eloquent\\Factories\\Factory->getExpandedAttributes(NULL)
#5 /Applications/XAMPP/xamppfiles/htdocs/leaderboard-api/vendor/laravel/framework/src/Illuminate/Database/Eloquent/Concerns/GuardsAttributes.php(149): Illuminate\\Database\\Eloquent\\Factories\\Factory->Illuminate\\Database\\Eloquent\\Factories\\{closure}()
#6 /Applications/XAMPP/xamppfiles/htdocs/leaderboard-api/vendor/laravel/framework/src/Illuminate/Database/Eloquent/Factories/Factory.php(416): Illuminate\\Database\\Eloquent\\Model::unguarded(Object(Closure))
#7 /Applications/XAMPP/xamppfiles/htdocs/leaderboard-api/vendor/laravel/framework/src/Illuminate/Database/Eloquent/Factories/Factory.php(400): Illuminate\\Database\\Eloquent\\Factories\\Factory->makeInstance(NULL)
#8 [internal function]: Illuminate\\Database\\Eloquent\\Factories\\Factory->Illuminate\\Database\\Eloquent\\Factories\\{closure}(1)
#9 /Applications/XAMPP/xamppfiles/htdocs/leaderboard-api/vendor/laravel/framework/src/Illuminate/Database/Eloquent/Factories/Factory.php(399): array_map(Object(Closure), Array)
#10 /Applications/XAMPP/xamppfiles/htdocs/leaderboard-api/vendor/laravel/framework/src/Illuminate/Database/Eloquent/Factories/Factory.php(284): Illuminate\\Database\\Eloquent\\Factories\\Factory->make(Array, NULL)
#11 /Applications/XAMPP/xamppfiles/htdocs/leaderboard-api/database/seeders/DatabaseSeeder.php(14): Illuminate\\Database\\Eloquent\\Factories\\Factory->create()
#12 /Applications/XAMPP/xamppfiles/htdocs/leaderboard-api/vendor/laravel/framework/src/Illuminate/Container/BoundMethod.php(36): Database\\Seeders\\DatabaseSeeder->run()
#13 /Applications/XAMPP/xamppfiles/htdocs/leaderboard-api/vendor/laravel/framework/src/Illuminate/Container/Util.php(41): Illuminate\\Container\\BoundMethod::Illuminate\\Container\\{closure}()
#14 /Applications/XAMPP/xamppfiles/htdocs/leaderboard-api/vendor/laravel/framework/src/Illuminate/Container/BoundMethod.php(93): Illuminate\\Container\\Util::unwrapIfClosure(Object(Closure))
#15 /Applications/XAMPP/xamppfiles/htdocs/leaderboard-api/vendor/laravel/framework/src/Illuminate/Container/BoundMethod.php(35): Illuminate\\Container\\BoundMethod::callBoundMethod(Object(Illuminate\\Foundation\\Application), Array, Object(Closure))
#16 /Applications/XAMPP/xamppfiles/htdocs/leaderboard-api/vendor/laravel/framework/src/Illuminate/Container/Container.php(662): Illuminate\\Container\\BoundMethod::call(Object(Illuminate\\Foundation\\Application), Array, Array, NULL)
#17 /Applications/XAMPP/xamppfiles/htdocs/leaderboard-api/vendor/laravel/framework/src/Illuminate/Database/Seeder.php(184): Illuminate\\Container\\Container->call(Array, Array)
#18 /Applications/XAMPP/xamppfiles/htdocs/leaderboard-api/vendor/laravel/framework/src/Illuminate/Database/Seeder.php(193): Illuminate\\Database\\Seeder->Illuminate\\Database\\{closure}()
#19 /Applications/XAMPP/xamppfiles/htdocs/leaderboard-api/vendor/laravel/framework/src/Illuminate/Database/Console/Seeds/SeedCommand.php(70): Illuminate\\Database\\Seeder->__invoke()
#20 /Applications/XAMPP/xamppfiles/htdocs/leaderboard-api/vendor/laravel/framework/src/Illuminate/Database/Eloquent/Concerns/GuardsAttributes.php(155): Illuminate\\Database\\Console\\Seeds\\SeedCommand->Illuminate\\Database\\Console\\Seeds\\{closure}()
#21 /Applications/XAMPP/xamppfiles/htdocs/leaderboard-api/vendor/laravel/framework/src/Illuminate/Database/Console/Seeds/SeedCommand.php(69): Illuminate\\Database\\Eloquent\\Model::unguarded(Object(Closure))
#22 /Applications/XAMPP/xamppfiles/htdocs/leaderboard-api/vendor/laravel/framework/src/Illuminate/Container/BoundMethod.php(36): Illuminate\\Database\\Console\\Seeds\\SeedCommand->handle()
#23 /Applications/XAMPP/xamppfiles/htdocs/leaderboard-api/vendor/laravel/framework/src/Illuminate/Container/Util.php(41): Illuminate\\Container\\BoundMethod::Illuminate\\Container\\{closure}()
#24 /Applications/XAMPP/xamppfiles/htdocs/leaderboard-api/vendor/laravel/framework/src/Illuminate/Container/BoundMethod.php(93): Illuminate\\Container\\Util::unwrapIfClosure(Object(Closure))
#25 /Applications/XAMPP/xamppfiles/htdocs/leaderboard-api/vendor/laravel/framework/src/Illuminate/Container/BoundMethod.php(35): Illuminate\\Container\\BoundMethod::callBoundMethod(Object(Illuminate\\Foundation\\Application), Array, Object(Closure))
#26 /Applications/XAMPP/xamppfiles/htdocs/leaderboard-api/vendor/laravel/framework/src/Illuminate/Container/Container.php(662): Illuminate\\Container\\BoundMethod::call(Object(Illuminate\\Foundation\\Application), Array, Array, NULL)
#27 /Applications/XAMPP/xamppfiles/htdocs/leaderboard-api/vendor/laravel/framework/src/Illuminate/Console/Command.php(211): Illuminate\\Container\\Container->call(Array)
#28 /Applications/XAMPP/xamppfiles/htdocs/leaderboard-api/vendor/symfony/console/Command/Command.php(326): Illuminate\\Console\\Command->execute(Object(Symfony\\Component\\Console\\Input\\ArgvInput), Object(Illuminate\\Console\\OutputStyle))
#29 /Applications/XAMPP/xamppfiles/htdocs/leaderboard-api/vendor/laravel/framework/src/Illuminate/Console/Command.php(180): Symfony\\Component\\Console\\Command\\Command->run(Object(Symfony\\Component\\Console\\Input\\ArgvInput), Object(Illuminate\\Console\\OutputStyle))
#30 /Applications/XAMPP/xamppfiles/htdocs/leaderboard-api/vendor/symfony/console/Application.php(1081): Illuminate\\Console\\Command->run(Object(Symfony\\Component\\Console\\Input\\ArgvInput), Object(Symfony\\Component\\Console\\Output\\ConsoleOutput))
#31 /Applications/XAMPP/xamppfiles/htdocs/leaderboard-api/vendor/symfony/console/Application.php(320): Symfony\\Component\\Console\\Application->doRunCommand(Object(Illuminate\\Database\\Console\\Seeds\\SeedCommand), Object(Symfony\\Component\\Console\\Input\\ArgvInput), Object(Symfony\\Component\\Console\\Output\\ConsoleOutput))
#32 /Applications/XAMPP/xamppfiles/htdocs/leaderboard-api/vendor/symfony/console/Application.php(174): Symfony\\Component\\Console\\Application->doRun(Object(Symfony\\Component\\Console\\Input\\ArgvInput), Object(Symfony\\Component\\Console\\Output\\ConsoleOutput))
#33 /Applications/XAMPP/xamppfiles/htdocs/leaderboard-api/vendor/laravel/framework/src/Illuminate/Foundation/Console/Kernel.php(201): Symfony\\Component\\Console\\Application->run(Object(Symfony\\Component\\Console\\Input\\ArgvInput), Object(Symfony\\Component\\Console\\Output\\ConsoleOutput))
#34 /Applications/XAMPP/xamppfiles/htdocs/leaderboard-api/artisan(35): Illuminate\\Foundation\\Console\\Kernel->handle(Object(Symfony\\Component\\Console\\Input\\ArgvInput), Object(Symfony\\Component\\Console\\Output\\ConsoleOutput))
#35 {main}
"} 
[2023-11-23 05:02:41] local.ERROR: Undefined variable $faker {"exception":"[object] (ErrorException(code: 0): Undefined variable $faker at /Applications/XAMPP/xamppfiles/htdocs/leaderboard-api/database/factories/UserFactory.php:28)
[stacktrace]
#0 /Applications/XAMPP/xamppfiles/htdocs/leaderboard-api/vendor/laravel/framework/src/Illuminate/Foundation/Bootstrap/HandleExceptions.php(254): Illuminate\\Foundation\\Bootstrap\\HandleExceptions->handleError(2, 'Undefined varia...', '/Applications/X...', 28)
#1 /Applications/XAMPP/xamppfiles/htdocs/leaderboard-api/database/factories/UserFactory.php(28): Illuminate\\Foundation\\Bootstrap\\HandleExceptions->Illuminate\\Foundation\\Bootstrap\\{closure}(2, 'Undefined varia...', '/Applications/X...', 28)
#2 /Applications/XAMPP/xamppfiles/htdocs/leaderboard-api/vendor/laravel/framework/src/Illuminate/Database/Eloquent/Factories/Factory.php(454): Database\\Factories\\UserFactory->definition()
#3 /Applications/XAMPP/xamppfiles/htdocs/leaderboard-api/vendor/laravel/framework/src/Illuminate/Database/Eloquent/Factories/Factory.php(433): Illuminate\\Database\\Eloquent\\Factories\\Factory->getRawAttributes(NULL)
#4 /Applications/XAMPP/xamppfiles/htdocs/leaderboard-api/vendor/laravel/framework/src/Illuminate/Database/Eloquent/Factories/Factory.php(417): Illuminate\\Database\\Eloquent\\Factories\\Factory->getExpandedAttributes(NULL)
#5 /Applications/XAMPP/xamppfiles/htdocs/leaderboard-api/vendor/laravel/framework/src/Illuminate/Database/Eloquent/Concerns/GuardsAttributes.php(149): Illuminate\\Database\\Eloquent\\Factories\\Factory->Illuminate\\Database\\Eloquent\\Factories\\{closure}()
#6 /Applications/XAMPP/xamppfiles/htdocs/leaderboard-api/vendor/laravel/framework/src/Illuminate/Database/Eloquent/Factories/Factory.php(416): Illuminate\\Database\\Eloquent\\Model::unguarded(Object(Closure))
#7 /Applications/XAMPP/xamppfiles/htdocs/leaderboard-api/vendor/laravel/framework/src/Illuminate/Database/Eloquent/Factories/Factory.php(400): Illuminate\\Database\\Eloquent\\Factories\\Factory->makeInstance(NULL)
#8 [internal function]: Illuminate\\Database\\Eloquent\\Factories\\Factory->Illuminate\\Database\\Eloquent\\Factories\\{closure}(1)
#9 /Applications/XAMPP/xamppfiles/htdocs/leaderboard-api/vendor/laravel/framework/src/Illuminate/Database/Eloquent/Factories/Factory.php(399): array_map(Object(Closure), Array)
#10 /Applications/XAMPP/xamppfiles/htdocs/leaderboard-api/vendor/laravel/framework/src/Illuminate/Database/Eloquent/Factories/Factory.php(284): Illuminate\\Database\\Eloquent\\Factories\\Factory->make(Array, NULL)
#11 /Applications/XAMPP/xamppfiles/htdocs/leaderboard-api/database/seeders/DatabaseSeeder.php(14): Illuminate\\Database\\Eloquent\\Factories\\Factory->create()
#12 /Applications/XAMPP/xamppfiles/htdocs/leaderboard-api/vendor/laravel/framework/src/Illuminate/Container/BoundMethod.php(36): Database\\Seeders\\DatabaseSeeder->run()
#13 /Applications/XAMPP/xamppfiles/htdocs/leaderboard-api/vendor/laravel/framework/src/Illuminate/Container/Util.php(41): Illuminate\\Container\\BoundMethod::Illuminate\\Container\\{closure}()
#14 /Applications/XAMPP/xamppfiles/htdocs/leaderboard-api/vendor/laravel/framework/src/Illuminate/Container/BoundMethod.php(93): Illuminate\\Container\\Util::unwrapIfClosure(Object(Closure))
#15 /Applications/XAMPP/xamppfiles/htdocs/leaderboard-api/vendor/laravel/framework/src/Illuminate/Container/BoundMethod.php(35): Illuminate\\Container\\BoundMethod::callBoundMethod(Object(Illuminate\\Foundation\\Application), Array, Object(Closure))
#16 /Applications/XAMPP/xamppfiles/htdocs/leaderboard-api/vendor/laravel/framework/src/Illuminate/Container/Container.php(662): Illuminate\\Container\\BoundMethod::call(Object(Illuminate\\Foundation\\Application), Array, Array, NULL)
#17 /Applications/XAMPP/xamppfiles/htdocs/leaderboard-api/vendor/laravel/framework/src/Illuminate/Database/Seeder.php(184): Illuminate\\Container\\Container->call(Array, Array)
#18 /Applications/XAMPP/xamppfiles/htdocs/leaderboard-api/vendor/laravel/framework/src/Illuminate/Database/Seeder.php(193): Illuminate\\Database\\Seeder->Illuminate\\Database\\{closure}()
#19 /Applications/XAMPP/xamppfiles/htdocs/leaderboard-api/vendor/laravel/framework/src/Illuminate/Database/Console/Seeds/SeedCommand.php(70): Illuminate\\Database\\Seeder->__invoke()
#20 /Applications/XAMPP/xamppfiles/htdocs/leaderboard-api/vendor/laravel/framework/src/Illuminate/Database/Eloquent/Concerns/GuardsAttributes.php(155): Illuminate\\Database\\Console\\Seeds\\SeedCommand->Illuminate\\Database\\Console\\Seeds\\{closure}()
#21 /Applications/XAMPP/xamppfiles/htdocs/leaderboard-api/vendor/laravel/framework/src/Illuminate/Database/Console/Seeds/SeedCommand.php(69): Illuminate\\Database\\Eloquent\\Model::unguarded(Object(Closure))
#22 /Applications/XAMPP/xamppfiles/htdocs/leaderboard-api/vendor/laravel/framework/src/Illuminate/Container/BoundMethod.php(36): Illuminate\\Database\\Console\\Seeds\\SeedCommand->handle()
#23 /Applications/XAMPP/xamppfiles/htdocs/leaderboard-api/vendor/laravel/framework/src/Illuminate/Container/Util.php(41): Illuminate\\Container\\BoundMethod::Illuminate\\Container\\{closure}()
#24 /Applications/XAMPP/xamppfiles/htdocs/leaderboard-api/vendor/laravel/framework/src/Illuminate/Container/BoundMethod.php(93): Illuminate\\Container\\Util::unwrapIfClosure(Object(Closure))
#25 /Applications/XAMPP/xamppfiles/htdocs/leaderboard-api/vendor/laravel/framework/src/Illuminate/Container/BoundMethod.php(35): Illuminate\\Container\\BoundMethod::callBoundMethod(Object(Illuminate\\Foundation\\Application), Array, Object(Closure))
#26 /Applications/XAMPP/xamppfiles/htdocs/leaderboard-api/vendor/laravel/framework/src/Illuminate/Container/Container.php(662): Illuminate\\Container\\BoundMethod::call(Object(Illuminate\\Foundation\\Application), Array, Array, NULL)
#27 /Applications/XAMPP/xamppfiles/htdocs/leaderboard-api/vendor/laravel/framework/src/Illuminate/Console/Command.php(211): Illuminate\\Container\\Container->call(Array)
#28 /Applications/XAMPP/xamppfiles/htdocs/leaderboard-api/vendor/symfony/console/Command/Command.php(326): Illuminate\\Console\\Command->execute(Object(Symfony\\Component\\Console\\Input\\ArgvInput), Object(Illuminate\\Console\\OutputStyle))
#29 /Applications/XAMPP/xamppfiles/htdocs/leaderboard-api/vendor/laravel/framework/src/Illuminate/Console/Command.php(180): Symfony\\Component\\Console\\Command\\Command->run(Object(Symfony\\Component\\Console\\Input\\ArgvInput), Object(Illuminate\\Console\\OutputStyle))
#30 /Applications/XAMPP/xamppfiles/htdocs/leaderboard-api/vendor/symfony/console/Application.php(1081): Illuminate\\Console\\Command->run(Object(Symfony\\Component\\Console\\Input\\ArgvInput), Object(Symfony\\Component\\Console\\Output\\ConsoleOutput))
#31 /Applications/XAMPP/xamppfiles/htdocs/leaderboard-api/vendor/symfony/console/Application.php(320): Symfony\\Component\\Console\\Application->doRunCommand(Object(Illuminate\\Database\\Console\\Seeds\\SeedCommand), Object(Symfony\\Component\\Console\\Input\\ArgvInput), Object(Symfony\\Component\\Console\\Output\\ConsoleOutput))
#32 /Applications/XAMPP/xamppfiles/htdocs/leaderboard-api/vendor/symfony/console/Application.php(174): Symfony\\Component\\Console\\Application->doRun(Object(Symfony\\Component\\Console\\Input\\ArgvInput), Object(Symfony\\Component\\Console\\Output\\ConsoleOutput))
#33 /Applications/XAMPP/xamppfiles/htdocs/leaderboard-api/vendor/laravel/framework/src/Illuminate/Foundation/Console/Kernel.php(201): Symfony\\Component\\Console\\Application->run(Object(Symfony\\Component\\Console\\Input\\ArgvInput), Object(Symfony\\Component\\Console\\Output\\ConsoleOutput))
#34 /Applications/XAMPP/xamppfiles/htdocs/leaderboard-api/artisan(35): Illuminate\\Foundation\\Console\\Kernel->handle(Object(Symfony\\Component\\Console\\Input\\ArgvInput), Object(Symfony\\Component\\Console\\Output\\ConsoleOutput))
#35 {main}
"} 
[2023-11-23 05:10:52] local.INFO: DetermineWinner started!  
[2023-11-23 05:10:52] local.ERROR: Error generating QR code {"exception":"[object] (Exception(code: 0): Error generating QR code at /Applications/XAMPP/xamppfiles/htdocs/leaderboard-api/app/Jobs/GenerateQRCode.php:39)
[stacktrace]
#0 /Applications/XAMPP/xamppfiles/htdocs/leaderboard-api/vendor/laravel/framework/src/Illuminate/Container/BoundMethod.php(36): App\\Jobs\\GenerateQRCode->handle()
#1 /Applications/XAMPP/xamppfiles/htdocs/leaderboard-api/vendor/laravel/framework/src/Illuminate/Container/Util.php(41): Illuminate\\Container\\BoundMethod::Illuminate\\Container\\{closure}()
#2 /Applications/XAMPP/xamppfiles/htdocs/leaderboard-api/vendor/laravel/framework/src/Illuminate/Container/BoundMethod.php(93): Illuminate\\Container\\Util::unwrapIfClosure(Object(Closure))
#3 /Applications/XAMPP/xamppfiles/htdocs/leaderboard-api/vendor/laravel/framework/src/Illuminate/Container/BoundMethod.php(35): Illuminate\\Container\\BoundMethod::callBoundMethod(Object(Illuminate\\Foundation\\Application), Array, Object(Closure))
#4 /Applications/XAMPP/xamppfiles/htdocs/leaderboard-api/vendor/laravel/framework/src/Illuminate/Container/Container.php(662): Illuminate\\Container\\BoundMethod::call(Object(Illuminate\\Foundation\\Application), Array, Array, NULL)
#5 /Applications/XAMPP/xamppfiles/htdocs/leaderboard-api/vendor/laravel/framework/src/Illuminate/Bus/Dispatcher.php(128): Illuminate\\Container\\Container->call(Array)
#6 /Applications/XAMPP/xamppfiles/htdocs/leaderboard-api/vendor/laravel/framework/src/Illuminate/Pipeline/Pipeline.php(141): Illuminate\\Bus\\Dispatcher->Illuminate\\Bus\\{closure}(Object(App\\Jobs\\GenerateQRCode))
#7 /Applications/XAMPP/xamppfiles/htdocs/leaderboard-api/vendor/laravel/framework/src/Illuminate/Pipeline/Pipeline.php(116): Illuminate\\Pipeline\\Pipeline->Illuminate\\Pipeline\\{closure}(Object(App\\Jobs\\GenerateQRCode))
#8 /Applications/XAMPP/xamppfiles/htdocs/leaderboard-api/vendor/laravel/framework/src/Illuminate/Bus/Dispatcher.php(132): Illuminate\\Pipeline\\Pipeline->then(Object(Closure))
#9 /Applications/XAMPP/xamppfiles/htdocs/leaderboard-api/vendor/laravel/framework/src/Illuminate/Queue/CallQueuedHandler.php(123): Illuminate\\Bus\\Dispatcher->dispatchNow(Object(App\\Jobs\\GenerateQRCode), false)
#10 /Applications/XAMPP/xamppfiles/htdocs/leaderboard-api/vendor/laravel/framework/src/Illuminate/Pipeline/Pipeline.php(141): Illuminate\\Queue\\CallQueuedHandler->Illuminate\\Queue\\{closure}(Object(App\\Jobs\\GenerateQRCode))
#11 /Applications/XAMPP/xamppfiles/htdocs/leaderboard-api/vendor/laravel/framework/src/Illuminate/Pipeline/Pipeline.php(116): Illuminate\\Pipeline\\Pipeline->Illuminate\\Pipeline\\{closure}(Object(App\\Jobs\\GenerateQRCode))
#12 /Applications/XAMPP/xamppfiles/htdocs/leaderboard-api/vendor/laravel/framework/src/Illuminate/Queue/CallQueuedHandler.php(122): Illuminate\\Pipeline\\Pipeline->then(Object(Closure))
#13 /Applications/XAMPP/xamppfiles/htdocs/leaderboard-api/vendor/laravel/framework/src/Illuminate/Queue/CallQueuedHandler.php(70): Illuminate\\Queue\\CallQueuedHandler->dispatchThroughMiddleware(Object(Illuminate\\Queue\\Jobs\\DatabaseJob), Object(App\\Jobs\\GenerateQRCode))
#14 /Applications/XAMPP/xamppfiles/htdocs/leaderboard-api/vendor/laravel/framework/src/Illuminate/Queue/Jobs/Job.php(102): Illuminate\\Queue\\CallQueuedHandler->call(Object(Illuminate\\Queue\\Jobs\\DatabaseJob), Array)
#15 /Applications/XAMPP/xamppfiles/htdocs/leaderboard-api/vendor/laravel/framework/src/Illuminate/Queue/Worker.php(439): Illuminate\\Queue\\Jobs\\Job->fire()
#16 /Applications/XAMPP/xamppfiles/htdocs/leaderboard-api/vendor/laravel/framework/src/Illuminate/Queue/Worker.php(389): Illuminate\\Queue\\Worker->process('database', Object(Illuminate\\Queue\\Jobs\\DatabaseJob), Object(Illuminate\\Queue\\WorkerOptions))
#17 /Applications/XAMPP/xamppfiles/htdocs/leaderboard-api/vendor/laravel/framework/src/Illuminate/Queue/Worker.php(176): Illuminate\\Queue\\Worker->runJob(Object(Illuminate\\Queue\\Jobs\\DatabaseJob), 'database', Object(Illuminate\\Queue\\WorkerOptions))
#18 /Applications/XAMPP/xamppfiles/htdocs/leaderboard-api/vendor/laravel/framework/src/Illuminate/Queue/Console/WorkCommand.php(137): Illuminate\\Queue\\Worker->daemon('database', 'default', Object(Illuminate\\Queue\\WorkerOptions))
#19 /Applications/XAMPP/xamppfiles/htdocs/leaderboard-api/vendor/laravel/framework/src/Illuminate/Queue/Console/WorkCommand.php(120): Illuminate\\Queue\\Console\\WorkCommand->runWorker('database', 'default')
#20 /Applications/XAMPP/xamppfiles/htdocs/leaderboard-api/vendor/laravel/framework/src/Illuminate/Container/BoundMethod.php(36): Illuminate\\Queue\\Console\\WorkCommand->handle()
#21 /Applications/XAMPP/xamppfiles/htdocs/leaderboard-api/vendor/laravel/framework/src/Illuminate/Container/Util.php(41): Illuminate\\Container\\BoundMethod::Illuminate\\Container\\{closure}()
#22 /Applications/XAMPP/xamppfiles/htdocs/leaderboard-api/vendor/laravel/framework/src/Illuminate/Container/BoundMethod.php(93): Illuminate\\Container\\Util::unwrapIfClosure(Object(Closure))
#23 /Applications/XAMPP/xamppfiles/htdocs/leaderboard-api/vendor/laravel/framework/src/Illuminate/Container/BoundMethod.php(35): Illuminate\\Container\\BoundMethod::callBoundMethod(Object(Illuminate\\Foundation\\Application), Array, Object(Closure))
#24 /Applications/XAMPP/xamppfiles/htdocs/leaderboard-api/vendor/laravel/framework/src/Illuminate/Container/Container.php(662): Illuminate\\Container\\BoundMethod::call(Object(Illuminate\\Foundation\\Application), Array, Array, NULL)
#25 /Applications/XAMPP/xamppfiles/htdocs/leaderboard-api/vendor/laravel/framework/src/Illuminate/Console/Command.php(211): Illuminate\\Container\\Container->call(Array)
#26 /Applications/XAMPP/xamppfiles/htdocs/leaderboard-api/vendor/symfony/console/Command/Command.php(326): Illuminate\\Console\\Command->execute(Object(Symfony\\Component\\Console\\Input\\ArgvInput), Object(Illuminate\\Console\\OutputStyle))
#27 /Applications/XAMPP/xamppfiles/htdocs/leaderboard-api/vendor/laravel/framework/src/Illuminate/Console/Command.php(180): Symfony\\Component\\Console\\Command\\Command->run(Object(Symfony\\Component\\Console\\Input\\ArgvInput), Object(Illuminate\\Console\\OutputStyle))
#28 /Applications/XAMPP/xamppfiles/htdocs/leaderboard-api/vendor/symfony/console/Application.php(1081): Illuminate\\Console\\Command->run(Object(Symfony\\Component\\Console\\Input\\ArgvInput), Object(Symfony\\Component\\Console\\Output\\ConsoleOutput))
#29 /Applications/XAMPP/xamppfiles/htdocs/leaderboard-api/vendor/symfony/console/Application.php(320): Symfony\\Component\\Console\\Application->doRunCommand(Object(Illuminate\\Queue\\Console\\WorkCommand), Object(Symfony\\Component\\Console\\Input\\ArgvInput), Object(Symfony\\Component\\Console\\Output\\ConsoleOutput))
#30 /Applications/XAMPP/xamppfiles/htdocs/leaderboard-api/vendor/symfony/console/Application.php(174): Symfony\\Component\\Console\\Application->doRun(Object(Symfony\\Component\\Console\\Input\\ArgvInput), Object(Symfony\\Component\\Console\\Output\\ConsoleOutput))
#31 /Applications/XAMPP/xamppfiles/htdocs/leaderboard-api/vendor/laravel/framework/src/Illuminate/Foundation/Console/Kernel.php(201): Symfony\\Component\\Console\\Application->run(Object(Symfony\\Component\\Console\\Input\\ArgvInput), Object(Symfony\\Component\\Console\\Output\\ConsoleOutput))
#32 /Applications/XAMPP/xamppfiles/htdocs/leaderboard-api/artisan(35): Illuminate\\Foundation\\Console\\Kernel->handle(Object(Symfony\\Component\\Console\\Input\\ArgvInput), Object(Symfony\\Component\\Console\\Output\\ConsoleOutput))
#33 {main}
"} 
[2023-11-23 05:10:52] local.INFO: DetermineWinner started!  
[2023-11-23 05:10:52] local.INFO: DetermineWinner started!  
[2023-11-23 05:10:52] local.INFO: DetermineWinner started!  
[2023-11-23 05:10:52] local.INFO: DetermineWinner started!  
[2023-11-23 05:10:53] local.INFO: DetermineWinner started!  
[2023-11-23 05:10:53] local.INFO: DetermineWinner started!  
[2023-11-23 05:10:53] local.INFO: DetermineWinner started!  
[2023-11-23 05:10:53] local.INFO: DetermineWinner started!  
[2023-11-23 05:10:53] local.INFO: DetermineWinner started!  
[2023-11-23 05:10:53] local.INFO: DetermineWinner started!  
[2023-11-23 05:10:53] local.INFO: DetermineWinner started!  
[2023-11-23 05:10:53] local.INFO: DetermineWinner started!  
[2023-11-23 05:10:53] local.INFO: DetermineWinner started!  
[2023-11-23 05:10:53] local.INFO: DetermineWinner started!  
[2023-11-23 05:10:53] local.INFO: DetermineWinner started!  
[2023-11-23 05:10:53] local.INFO: DetermineWinner started!  
[2023-11-23 05:10:53] local.INFO: DetermineWinner started!  
[2023-11-23 05:10:53] local.INFO: DetermineWinner started!  
[2023-11-23 05:10:53] local.INFO: DetermineWinner started!  
[2023-11-23 05:10:53] local.INFO: DetermineWinner started!  
[2023-11-23 05:10:53] local.INFO: DetermineWinner started!  
[2023-11-23 05:10:53] local.INFO: DetermineWinner started!  
[2023-11-23 05:10:53] local.INFO: DetermineWinner started!  
[2023-11-23 05:10:53] local.INFO: DetermineWinner started!  
[2023-11-23 05:10:53] local.INFO: DetermineWinner started!  
[2023-11-23 05:10:53] local.INFO: DetermineWinner started!  
[2023-11-23 05:10:53] local.INFO: DetermineWinner started!  
[2023-11-23 05:10:53] local.INFO: DetermineWinner started!  
[2023-11-23 05:10:53] local.INFO: DetermineWinner started!  
[2023-11-23 05:10:53] local.INFO: DetermineWinner started!  
[2023-11-23 05:10:53] local.INFO: DetermineWinner started!  
[2023-11-23 05:10:53] local.INFO: DetermineWinner started!  
[2023-11-23 05:10:53] local.INFO: DetermineWinner started!  
[2023-11-23 05:10:53] local.INFO: DetermineWinner started!  
[2023-11-23 05:10:53] local.INFO: DetermineWinner started!  
[2023-11-23 05:10:53] local.INFO: DetermineWinner started!  
[2023-11-23 05:10:53] local.INFO: DetermineWinner started!  
[2023-11-23 05:10:53] local.INFO: DetermineWinner started!  
[2023-11-23 05:10:53] local.INFO: DetermineWinner started!  
[2023-11-23 05:10:53] local.INFO: DetermineWinner started!  
[2023-11-23 05:10:53] local.INFO: DetermineWinner started!  
[2023-11-23 05:10:53] local.INFO: DetermineWinner started!  
[2023-11-23 05:10:53] local.INFO: DetermineWinner started!  
[2023-11-23 05:10:53] local.INFO: DetermineWinner started!  
[2023-11-23 05:10:53] local.INFO: DetermineWinner started!  
[2023-11-23 05:10:53] local.INFO: DetermineWinner started!  
[2023-11-23 05:10:53] local.INFO: DetermineWinner started!  
[2023-11-23 05:10:53] local.INFO: DetermineWinner started!  
[2023-11-23 05:10:53] local.INFO: DetermineWinner started!  
[2023-11-23 05:10:53] local.INFO: DetermineWinner started!  
[2023-11-23 05:10:53] local.INFO: DetermineWinner started!  
[2023-11-23 05:10:53] local.INFO: DetermineWinner started!  
[2023-11-23 05:10:53] local.INFO: DetermineWinner started!  
[2023-11-23 05:10:53] local.INFO: DetermineWinner started!  
[2023-11-23 05:10:53] local.INFO: DetermineWinner started!  
[2023-11-23 05:10:53] local.INFO: DetermineWinner started!  
[2023-11-23 05:10:53] local.INFO: DetermineWinner started!  
[2023-11-23 05:10:53] local.INFO: DetermineWinner started!  
[2023-11-23 05:10:53] local.INFO: DetermineWinner started!  
[2023-11-23 05:10:53] local.INFO: DetermineWinner started!  
[2023-11-23 05:10:53] local.INFO: DetermineWinner started!  
[2023-11-23 05:10:53] local.INFO: DetermineWinner started!  
[2023-11-23 05:10:53] local.INFO: DetermineWinner started!  
[2023-11-23 05:10:53] local.INFO: DetermineWinner started!  
[2023-11-23 05:10:53] local.INFO: DetermineWinner started!  
[2023-11-23 05:10:53] local.INFO: DetermineWinner started!  
[2023-11-23 05:10:53] local.INFO: DetermineWinner started!  
[2023-11-23 05:10:53] local.INFO: DetermineWinner started!  
[2023-11-23 05:10:53] local.INFO: DetermineWinner started!  
[2023-11-23 05:10:53] local.ERROR: Error generating QR code {"exception":"[object] (Exception(code: 0): Error generating QR code at /Applications/XAMPP/xamppfiles/htdocs/leaderboard-api/app/Jobs/GenerateQRCode.php:39)
[stacktrace]
#0 /Applications/XAMPP/xamppfiles/htdocs/leaderboard-api/vendor/laravel/framework/src/Illuminate/Container/BoundMethod.php(36): App\\Jobs\\GenerateQRCode->handle()
#1 /Applications/XAMPP/xamppfiles/htdocs/leaderboard-api/vendor/laravel/framework/src/Illuminate/Container/Util.php(41): Illuminate\\Container\\BoundMethod::Illuminate\\Container\\{closure}()
#2 /Applications/XAMPP/xamppfiles/htdocs/leaderboard-api/vendor/laravel/framework/src/Illuminate/Container/BoundMethod.php(93): Illuminate\\Container\\Util::unwrapIfClosure(Object(Closure))
#3 /Applications/XAMPP/xamppfiles/htdocs/leaderboard-api/vendor/laravel/framework/src/Illuminate/Container/BoundMethod.php(35): Illuminate\\Container\\BoundMethod::callBoundMethod(Object(Illuminate\\Foundation\\Application), Array, Object(Closure))
#4 /Applications/XAMPP/xamppfiles/htdocs/leaderboard-api/vendor/laravel/framework/src/Illuminate/Container/Container.php(662): Illuminate\\Container\\BoundMethod::call(Object(Illuminate\\Foundation\\Application), Array, Array, NULL)
#5 /Applications/XAMPP/xamppfiles/htdocs/leaderboard-api/vendor/laravel/framework/src/Illuminate/Bus/Dispatcher.php(128): Illuminate\\Container\\Container->call(Array)
#6 /Applications/XAMPP/xamppfiles/htdocs/leaderboard-api/vendor/laravel/framework/src/Illuminate/Pipeline/Pipeline.php(141): Illuminate\\Bus\\Dispatcher->Illuminate\\Bus\\{closure}(Object(App\\Jobs\\GenerateQRCode))
#7 /Applications/XAMPP/xamppfiles/htdocs/leaderboard-api/vendor/laravel/framework/src/Illuminate/Pipeline/Pipeline.php(116): Illuminate\\Pipeline\\Pipeline->Illuminate\\Pipeline\\{closure}(Object(App\\Jobs\\GenerateQRCode))
#8 /Applications/XAMPP/xamppfiles/htdocs/leaderboard-api/vendor/laravel/framework/src/Illuminate/Bus/Dispatcher.php(132): Illuminate\\Pipeline\\Pipeline->then(Object(Closure))
#9 /Applications/XAMPP/xamppfiles/htdocs/leaderboard-api/vendor/laravel/framework/src/Illuminate/Queue/CallQueuedHandler.php(123): Illuminate\\Bus\\Dispatcher->dispatchNow(Object(App\\Jobs\\GenerateQRCode), false)
#10 /Applications/XAMPP/xamppfiles/htdocs/leaderboard-api/vendor/laravel/framework/src/Illuminate/Pipeline/Pipeline.php(141): Illuminate\\Queue\\CallQueuedHandler->Illuminate\\Queue\\{closure}(Object(App\\Jobs\\GenerateQRCode))
#11 /Applications/XAMPP/xamppfiles/htdocs/leaderboard-api/vendor/laravel/framework/src/Illuminate/Pipeline/Pipeline.php(116): Illuminate\\Pipeline\\Pipeline->Illuminate\\Pipeline\\{closure}(Object(App\\Jobs\\GenerateQRCode))
#12 /Applications/XAMPP/xamppfiles/htdocs/leaderboard-api/vendor/laravel/framework/src/Illuminate/Queue/CallQueuedHandler.php(122): Illuminate\\Pipeline\\Pipeline->then(Object(Closure))
#13 /Applications/XAMPP/xamppfiles/htdocs/leaderboard-api/vendor/laravel/framework/src/Illuminate/Queue/CallQueuedHandler.php(70): Illuminate\\Queue\\CallQueuedHandler->dispatchThroughMiddleware(Object(Illuminate\\Queue\\Jobs\\DatabaseJob), Object(App\\Jobs\\GenerateQRCode))
#14 /Applications/XAMPP/xamppfiles/htdocs/leaderboard-api/vendor/laravel/framework/src/Illuminate/Queue/Jobs/Job.php(102): Illuminate\\Queue\\CallQueuedHandler->call(Object(Illuminate\\Queue\\Jobs\\DatabaseJob), Array)
#15 /Applications/XAMPP/xamppfiles/htdocs/leaderboard-api/vendor/laravel/framework/src/Illuminate/Queue/Worker.php(439): Illuminate\\Queue\\Jobs\\Job->fire()
#16 /Applications/XAMPP/xamppfiles/htdocs/leaderboard-api/vendor/laravel/framework/src/Illuminate/Queue/Worker.php(389): Illuminate\\Queue\\Worker->process('database', Object(Illuminate\\Queue\\Jobs\\DatabaseJob), Object(Illuminate\\Queue\\WorkerOptions))
#17 /Applications/XAMPP/xamppfiles/htdocs/leaderboard-api/vendor/laravel/framework/src/Illuminate/Queue/Worker.php(176): Illuminate\\Queue\\Worker->runJob(Object(Illuminate\\Queue\\Jobs\\DatabaseJob), 'database', Object(Illuminate\\Queue\\WorkerOptions))
#18 /Applications/XAMPP/xamppfiles/htdocs/leaderboard-api/vendor/laravel/framework/src/Illuminate/Queue/Console/WorkCommand.php(137): Illuminate\\Queue\\Worker->daemon('database', 'default', Object(Illuminate\\Queue\\WorkerOptions))
#19 /Applications/XAMPP/xamppfiles/htdocs/leaderboard-api/vendor/laravel/framework/src/Illuminate/Queue/Console/WorkCommand.php(120): Illuminate\\Queue\\Console\\WorkCommand->runWorker('database', 'default')
#20 /Applications/XAMPP/xamppfiles/htdocs/leaderboard-api/vendor/laravel/framework/src/Illuminate/Container/BoundMethod.php(36): Illuminate\\Queue\\Console\\WorkCommand->handle()
#21 /Applications/XAMPP/xamppfiles/htdocs/leaderboard-api/vendor/laravel/framework/src/Illuminate/Container/Util.php(41): Illuminate\\Container\\BoundMethod::Illuminate\\Container\\{closure}()
#22 /Applications/XAMPP/xamppfiles/htdocs/leaderboard-api/vendor/laravel/framework/src/Illuminate/Container/BoundMethod.php(93): Illuminate\\Container\\Util::unwrapIfClosure(Object(Closure))
#23 /Applications/XAMPP/xamppfiles/htdocs/leaderboard-api/vendor/laravel/framework/src/Illuminate/Container/BoundMethod.php(35): Illuminate\\Container\\BoundMethod::callBoundMethod(Object(Illuminate\\Foundation\\Application), Array, Object(Closure))
#24 /Applications/XAMPP/xamppfiles/htdocs/leaderboard-api/vendor/laravel/framework/src/Illuminate/Container/Container.php(662): Illuminate\\Container\\BoundMethod::call(Object(Illuminate\\Foundation\\Application), Array, Array, NULL)
#25 /Applications/XAMPP/xamppfiles/htdocs/leaderboard-api/vendor/laravel/framework/src/Illuminate/Console/Command.php(211): Illuminate\\Container\\Container->call(Array)
#26 /Applications/XAMPP/xamppfiles/htdocs/leaderboard-api/vendor/symfony/console/Command/Command.php(326): Illuminate\\Console\\Command->execute(Object(Symfony\\Component\\Console\\Input\\ArgvInput), Object(Illuminate\\Console\\OutputStyle))
#27 /Applications/XAMPP/xamppfiles/htdocs/leaderboard-api/vendor/laravel/framework/src/Illuminate/Console/Command.php(180): Symfony\\Component\\Console\\Command\\Command->run(Object(Symfony\\Component\\Console\\Input\\ArgvInput), Object(Illuminate\\Console\\OutputStyle))
#28 /Applications/XAMPP/xamppfiles/htdocs/leaderboard-api/vendor/symfony/console/Application.php(1081): Illuminate\\Console\\Command->run(Object(Symfony\\Component\\Console\\Input\\ArgvInput), Object(Symfony\\Component\\Console\\Output\\ConsoleOutput))
#29 /Applications/XAMPP/xamppfiles/htdocs/leaderboard-api/vendor/symfony/console/Application.php(320): Symfony\\Component\\Console\\Application->doRunCommand(Object(Illuminate\\Queue\\Console\\WorkCommand), Object(Symfony\\Component\\Console\\Input\\ArgvInput), Object(Symfony\\Component\\Console\\Output\\ConsoleOutput))
#30 /Applications/XAMPP/xamppfiles/htdocs/leaderboard-api/vendor/symfony/console/Application.php(174): Symfony\\Component\\Console\\Application->doRun(Object(Symfony\\Component\\Console\\Input\\ArgvInput), Object(Symfony\\Component\\Console\\Output\\ConsoleOutput))
#31 /Applications/XAMPP/xamppfiles/htdocs/leaderboard-api/vendor/laravel/framework/src/Illuminate/Foundation/Console/Kernel.php(201): Symfony\\Component\\Console\\Application->run(Object(Symfony\\Component\\Console\\Input\\ArgvInput), Object(Symfony\\Component\\Console\\Output\\ConsoleOutput))
#32 /Applications/XAMPP/xamppfiles/htdocs/leaderboard-api/artisan(35): Illuminate\\Foundation\\Console\\Kernel->handle(Object(Symfony\\Component\\Console\\Input\\ArgvInput), Object(Symfony\\Component\\Console\\Output\\ConsoleOutput))
#33 {main}
"} 
[2023-11-23 05:10:54] local.ERROR: Error generating QR code {"exception":"[object] (Exception(code: 0): Error generating QR code at /Applications/XAMPP/xamppfiles/htdocs/leaderboard-api/app/Jobs/GenerateQRCode.php:39)
[stacktrace]
#0 /Applications/XAMPP/xamppfiles/htdocs/leaderboard-api/vendor/laravel/framework/src/Illuminate/Container/BoundMethod.php(36): App\\Jobs\\GenerateQRCode->handle()
#1 /Applications/XAMPP/xamppfiles/htdocs/leaderboard-api/vendor/laravel/framework/src/Illuminate/Container/Util.php(41): Illuminate\\Container\\BoundMethod::Illuminate\\Container\\{closure}()
#2 /Applications/XAMPP/xamppfiles/htdocs/leaderboard-api/vendor/laravel/framework/src/Illuminate/Container/BoundMethod.php(93): Illuminate\\Container\\Util::unwrapIfClosure(Object(Closure))
#3 /Applications/XAMPP/xamppfiles/htdocs/leaderboard-api/vendor/laravel/framework/src/Illuminate/Container/BoundMethod.php(35): Illuminate\\Container\\BoundMethod::callBoundMethod(Object(Illuminate\\Foundation\\Application), Array, Object(Closure))
#4 /Applications/XAMPP/xamppfiles/htdocs/leaderboard-api/vendor/laravel/framework/src/Illuminate/Container/Container.php(662): Illuminate\\Container\\BoundMethod::call(Object(Illuminate\\Foundation\\Application), Array, Array, NULL)
#5 /Applications/XAMPP/xamppfiles/htdocs/leaderboard-api/vendor/laravel/framework/src/Illuminate/Bus/Dispatcher.php(128): Illuminate\\Container\\Container->call(Array)
#6 /Applications/XAMPP/xamppfiles/htdocs/leaderboard-api/vendor/laravel/framework/src/Illuminate/Pipeline/Pipeline.php(141): Illuminate\\Bus\\Dispatcher->Illuminate\\Bus\\{closure}(Object(App\\Jobs\\GenerateQRCode))
#7 /Applications/XAMPP/xamppfiles/htdocs/leaderboard-api/vendor/laravel/framework/src/Illuminate/Pipeline/Pipeline.php(116): Illuminate\\Pipeline\\Pipeline->Illuminate\\Pipeline\\{closure}(Object(App\\Jobs\\GenerateQRCode))
#8 /Applications/XAMPP/xamppfiles/htdocs/leaderboard-api/vendor/laravel/framework/src/Illuminate/Bus/Dispatcher.php(132): Illuminate\\Pipeline\\Pipeline->then(Object(Closure))
#9 /Applications/XAMPP/xamppfiles/htdocs/leaderboard-api/vendor/laravel/framework/src/Illuminate/Queue/CallQueuedHandler.php(123): Illuminate\\Bus\\Dispatcher->dispatchNow(Object(App\\Jobs\\GenerateQRCode), false)
#10 /Applications/XAMPP/xamppfiles/htdocs/leaderboard-api/vendor/laravel/framework/src/Illuminate/Pipeline/Pipeline.php(141): Illuminate\\Queue\\CallQueuedHandler->Illuminate\\Queue\\{closure}(Object(App\\Jobs\\GenerateQRCode))
#11 /Applications/XAMPP/xamppfiles/htdocs/leaderboard-api/vendor/laravel/framework/src/Illuminate/Pipeline/Pipeline.php(116): Illuminate\\Pipeline\\Pipeline->Illuminate\\Pipeline\\{closure}(Object(App\\Jobs\\GenerateQRCode))
#12 /Applications/XAMPP/xamppfiles/htdocs/leaderboard-api/vendor/laravel/framework/src/Illuminate/Queue/CallQueuedHandler.php(122): Illuminate\\Pipeline\\Pipeline->then(Object(Closure))
#13 /Applications/XAMPP/xamppfiles/htdocs/leaderboard-api/vendor/laravel/framework/src/Illuminate/Queue/CallQueuedHandler.php(70): Illuminate\\Queue\\CallQueuedHandler->dispatchThroughMiddleware(Object(Illuminate\\Queue\\Jobs\\DatabaseJob), Object(App\\Jobs\\GenerateQRCode))
#14 /Applications/XAMPP/xamppfiles/htdocs/leaderboard-api/vendor/laravel/framework/src/Illuminate/Queue/Jobs/Job.php(102): Illuminate\\Queue\\CallQueuedHandler->call(Object(Illuminate\\Queue\\Jobs\\DatabaseJob), Array)
#15 /Applications/XAMPP/xamppfiles/htdocs/leaderboard-api/vendor/laravel/framework/src/Illuminate/Queue/Worker.php(439): Illuminate\\Queue\\Jobs\\Job->fire()
#16 /Applications/XAMPP/xamppfiles/htdocs/leaderboard-api/vendor/laravel/framework/src/Illuminate/Queue/Worker.php(389): Illuminate\\Queue\\Worker->process('database', Object(Illuminate\\Queue\\Jobs\\DatabaseJob), Object(Illuminate\\Queue\\WorkerOptions))
#17 /Applications/XAMPP/xamppfiles/htdocs/leaderboard-api/vendor/laravel/framework/src/Illuminate/Queue/Worker.php(176): Illuminate\\Queue\\Worker->runJob(Object(Illuminate\\Queue\\Jobs\\DatabaseJob), 'database', Object(Illuminate\\Queue\\WorkerOptions))
#18 /Applications/XAMPP/xamppfiles/htdocs/leaderboard-api/vendor/laravel/framework/src/Illuminate/Queue/Console/WorkCommand.php(137): Illuminate\\Queue\\Worker->daemon('database', 'default', Object(Illuminate\\Queue\\WorkerOptions))
#19 /Applications/XAMPP/xamppfiles/htdocs/leaderboard-api/vendor/laravel/framework/src/Illuminate/Queue/Console/WorkCommand.php(120): Illuminate\\Queue\\Console\\WorkCommand->runWorker('database', 'default')
#20 /Applications/XAMPP/xamppfiles/htdocs/leaderboard-api/vendor/laravel/framework/src/Illuminate/Container/BoundMethod.php(36): Illuminate\\Queue\\Console\\WorkCommand->handle()
#21 /Applications/XAMPP/xamppfiles/htdocs/leaderboard-api/vendor/laravel/framework/src/Illuminate/Container/Util.php(41): Illuminate\\Container\\BoundMethod::Illuminate\\Container\\{closure}()
#22 /Applications/XAMPP/xamppfiles/htdocs/leaderboard-api/vendor/laravel/framework/src/Illuminate/Container/BoundMethod.php(93): Illuminate\\Container\\Util::unwrapIfClosure(Object(Closure))
#23 /Applications/XAMPP/xamppfiles/htdocs/leaderboard-api/vendor/laravel/framework/src/Illuminate/Container/BoundMethod.php(35): Illuminate\\Container\\BoundMethod::callBoundMethod(Object(Illuminate\\Foundation\\Application), Array, Object(Closure))
#24 /Applications/XAMPP/xamppfiles/htdocs/leaderboard-api/vendor/laravel/framework/src/Illuminate/Container/Container.php(662): Illuminate\\Container\\BoundMethod::call(Object(Illuminate\\Foundation\\Application), Array, Array, NULL)
#25 /Applications/XAMPP/xamppfiles/htdocs/leaderboard-api/vendor/laravel/framework/src/Illuminate/Console/Command.php(211): Illuminate\\Container\\Container->call(Array)
#26 /Applications/XAMPP/xamppfiles/htdocs/leaderboard-api/vendor/symfony/console/Command/Command.php(326): Illuminate\\Console\\Command->execute(Object(Symfony\\Component\\Console\\Input\\ArgvInput), Object(Illuminate\\Console\\OutputStyle))
#27 /Applications/XAMPP/xamppfiles/htdocs/leaderboard-api/vendor/laravel/framework/src/Illuminate/Console/Command.php(180): Symfony\\Component\\Console\\Command\\Command->run(Object(Symfony\\Component\\Console\\Input\\ArgvInput), Object(Illuminate\\Console\\OutputStyle))
#28 /Applications/XAMPP/xamppfiles/htdocs/leaderboard-api/vendor/symfony/console/Application.php(1081): Illuminate\\Console\\Command->run(Object(Symfony\\Component\\Console\\Input\\ArgvInput), Object(Symfony\\Component\\Console\\Output\\ConsoleOutput))
#29 /Applications/XAMPP/xamppfiles/htdocs/leaderboard-api/vendor/symfony/console/Application.php(320): Symfony\\Component\\Console\\Application->doRunCommand(Object(Illuminate\\Queue\\Console\\WorkCommand), Object(Symfony\\Component\\Console\\Input\\ArgvInput), Object(Symfony\\Component\\Console\\Output\\ConsoleOutput))
#30 /Applications/XAMPP/xamppfiles/htdocs/leaderboard-api/vendor/symfony/console/Application.php(174): Symfony\\Component\\Console\\Application->doRun(Object(Symfony\\Component\\Console\\Input\\ArgvInput), Object(Symfony\\Component\\Console\\Output\\ConsoleOutput))
#31 /Applications/XAMPP/xamppfiles/htdocs/leaderboard-api/vendor/laravel/framework/src/Illuminate/Foundation/Console/Kernel.php(201): Symfony\\Component\\Console\\Application->run(Object(Symfony\\Component\\Console\\Input\\ArgvInput), Object(Symfony\\Component\\Console\\Output\\ConsoleOutput))
#32 /Applications/XAMPP/xamppfiles/htdocs/leaderboard-api/artisan(35): Illuminate\\Foundation\\Console\\Kernel->handle(Object(Symfony\\Component\\Console\\Input\\ArgvInput), Object(Symfony\\Component\\Console\\Output\\ConsoleOutput))
#33 {main}
"} 
[2023-11-23 05:10:54] local.INFO: DetermineWinner started!  
[2023-11-23 05:10:54] local.INFO: DetermineWinner started!  
[2023-11-23 05:10:54] local.INFO: DetermineWinner started!  
[2023-11-23 05:10:54] local.INFO: DetermineWinner started!  
[2023-11-23 05:10:54] local.INFO: DetermineWinner started!  
[2023-11-23 05:10:54] local.INFO: DetermineWinner started!  
[2023-11-23 05:10:54] local.INFO: DetermineWinner started!  
[2023-11-23 05:10:54] local.INFO: DetermineWinner started!  
[2023-11-23 05:10:54] local.INFO: DetermineWinner started!  
[2023-11-23 05:10:54] local.INFO: DetermineWinner started!  
[2023-11-23 05:10:54] local.INFO: DetermineWinner started!  
[2023-11-23 05:10:54] local.INFO: DetermineWinner started!  
[2023-11-23 05:10:54] local.INFO: DetermineWinner started!  
[2023-11-23 05:30:00] local.INFO: DetermineWinner started!  
[2023-11-23 05:35:00] local.INFO: DetermineWinner started!  
[2023-11-23 05:40:00] local.INFO: DetermineWinner started!  
[2023-11-23 05:40:39] local.INFO: User with Id '39' Created!  
[2023-11-23 05:40:39] local.INFO: QR code for User with Id '39' Generated!  
[2023-11-23 05:44:15] local.INFO: User with Id '40' Created!  
[2023-11-23 05:44:15] local.INFO: QR code for User with Id '40' Generated!  
[2023-11-23 05:45:00] local.INFO: DetermineWinner started!  
[2023-11-23 05:46:00] local.INFO: User with Id '41' Created!  
[2023-11-23 05:46:00] local.INFO: QR code for User with Id '41' Generated!  
[2023-11-23 05:57:14] local.ERROR: Command "php" is not defined. {"exception":"[object] (Symfony\\Component\\Console\\Exception\\CommandNotFoundException(code: 0): Command \"php\" is not defined. at /Applications/XAMPP/xamppfiles/htdocs/leaderboard-api/vendor/symfony/console/Application.php:725)
[stacktrace]
#0 /Applications/XAMPP/xamppfiles/htdocs/leaderboard-api/vendor/symfony/console/Application.php(262): Symfony\\Component\\Console\\Application->find('php')
#1 /Applications/XAMPP/xamppfiles/htdocs/leaderboard-api/vendor/symfony/console/Application.php(174): Symfony\\Component\\Console\\Application->doRun(Object(Symfony\\Component\\Console\\Input\\ArgvInput), Object(Symfony\\Component\\Console\\Output\\ConsoleOutput))
#2 /Applications/XAMPP/xamppfiles/htdocs/leaderboard-api/vendor/laravel/framework/src/Illuminate/Foundation/Console/Kernel.php(201): Symfony\\Component\\Console\\Application->run(Object(Symfony\\Component\\Console\\Input\\ArgvInput), Object(Symfony\\Component\\Console\\Output\\ConsoleOutput))
#3 /Applications/XAMPP/xamppfiles/htdocs/leaderboard-api/artisan(35): Illuminate\\Foundation\\Console\\Kernel->handle(Object(Symfony\\Component\\Console\\Input\\ArgvInput), Object(Symfony\\Component\\Console\\Output\\ConsoleOutput))
#4 {main}
"} 
